<?xml version="1.0" encoding="UTF-8"?>
<!-- Generated by org.testng.reporters.JUnitXMLReporter -->
<testsuite hostname="RSI1596" ignored="0" name="Default test" tests="2" failures="0" timestamp="2020-02-05T09:11:28 BRT" time="30.119" errors="0">
  <testcase name="consultaProdutoLupa" time="5.891" classname="br.com.rsinet.appium.tdd.test.ConsultaDeProdutoCampoPesquisaTest"/>
  <testcase name="consultaProdutoLupaInvalido" time="3.533" classname="br.com.rsinet.appium.tdd.test.ConsultaDeProdutoCampoPesquisaTest"/>
</testsuite> <!-- Default test -->
