<?xml version="1.0" encoding="UTF-8"?>
<!-- Generated by org.testng.reporters.JUnitXMLReporter -->
<testsuite hostname="RSI1596" ignored="1" name="Default test" tests="1" failures="0" timestamp="2020-02-05T10:00:16 BRT" time="14.976" errors="0">
  <testcase name="consultaProdutoTelaPrincipalEsgotado" time="4.466" classname="br.com.rsinet.appium.tdd.test.ConsultaDeProdutoTelaPrincipalTest"/>
  <testcase name="consultaProdutoTelaPrincipal" time="0.0" classname="br.com.rsinet.appium.tdd.test.ConsultaDeProdutoTelaPrincipalTest">
    <ignored/>
  </testcase> <!-- consultaProdutoTelaPrincipal -->
</testsuite> <!-- Default test -->
