<?xml version="1.0" encoding="UTF-8"?>
<!-- Generated by org.testng.reporters.JUnitXMLReporter -->
<testsuite hostname="RSI1596" ignored="0" name="Automacao utilizando TDD" tests="6" failures="0" timestamp="2020-02-05T10:27:26 BRT" time="146.283" errors="0">
  <testcase name="deveCadastrarUsuario" time="35.111" classname="br.com.rsinet.appium.tdd.test.CadastroDeUsuarioTest"/>
  <testcase name="deveTentarCadastrarUsuarioJaExistente" time="30.177" classname="br.com.rsinet.appium.tdd.test.CadastroDeUsuarioTest"/>
  <testcase name="consultaProdutoLupa" time="6.925" classname="br.com.rsinet.appium.tdd.test.ConsultaDeProdutoCampoPesquisaTest"/>
  <testcase name="consultaProdutoLupaInvalido" time="3.858" classname="br.com.rsinet.appium.tdd.test.ConsultaDeProdutoCampoPesquisaTest"/>
  <testcase name="consultaProdutoTelaPrincipal" time="5.712" classname="br.com.rsinet.appium.tdd.test.ConsultaDeProdutoTelaPrincipalTest"/>
  <testcase name="consultaProdutoTelaPrincipalEsgotado" time="5.292" classname="br.com.rsinet.appium.tdd.test.ConsultaDeProdutoTelaPrincipalTest"/>
</testsuite> <!-- Automacao utilizando TDD -->
