<?xml version="1.0" encoding="UTF-8"?>
<!-- Generated by org.testng.reporters.JUnitXMLReporter -->
<testsuite hostname="RSI1596" ignored="0" name="Automacao utilizando TDD" tests="6" failures="0" timestamp="2020-02-11T11:21:03 BRT" time="137.041" errors="0">
  <testcase name="deveCadastrarUsuario" time="27.959" classname="br.com.rsinet.appium.tdd.test.CadastroDeUsuarioTest"/>
  <testcase name="deveTentarCadastrarUsuarioJaExistente" time="26.201" classname="br.com.rsinet.appium.tdd.test.CadastroDeUsuarioTest"/>
  <testcase name="consultaProdutoLupa" time="5.123" classname="br.com.rsinet.appium.tdd.test.ConsultaDeProdutoCampoPesquisaTest"/>
  <testcase name="consultaProdutoLupaInvalido" time="3.872" classname="br.com.rsinet.appium.tdd.test.ConsultaDeProdutoCampoPesquisaTest"/>
  <testcase name="consultaProdutoTelaPrincipal" time="6.01" classname="br.com.rsinet.appium.tdd.test.ConsultaDeProdutoTelaPrincipalTest"/>
  <testcase name="consultaProdutoTelaPrincipalEsgotado" time="5.669" classname="br.com.rsinet.appium.tdd.test.ConsultaDeProdutoTelaPrincipalTest"/>
</testsuite> <!-- Automacao utilizando TDD -->
